[2025-02-06T11:51:05.644+0000] {local_task_job_runner.py:123} INFO - ::group::Pre task execution logs
[2025-02-06T11:51:05.658+0000] {taskinstance.py:2613} INFO - Dependencies all met for dep_context=non-requeueable deps ti=<TaskInstance: extract_news.extract_and_save_task manual__2025-02-06T11:51:03.235977+00:00 [queued]>
[2025-02-06T11:51:05.665+0000] {taskinstance.py:2613} INFO - Dependencies all met for dep_context=requeueable deps ti=<TaskInstance: extract_news.extract_and_save_task manual__2025-02-06T11:51:03.235977+00:00 [queued]>
[2025-02-06T11:51:05.666+0000] {taskinstance.py:2866} INFO - Starting attempt 1 of 2
[2025-02-06T11:51:05.679+0000] {taskinstance.py:2889} INFO - Executing <Task(PythonOperator): extract_and_save_task> on 2025-02-06 11:51:03.235977+00:00
[2025-02-06T11:51:05.685+0000] {warnings.py:112} WARNING - /home/***/.local/lib/python3.12/site-packages/***/task/task_runner/standard_task_runner.py:70: DeprecationWarning: This process (pid=89) is multi-threaded, use of fork() may lead to deadlocks in the child.
  pid = os.fork()

[2025-02-06T11:51:05.687+0000] {standard_task_runner.py:72} INFO - Started process 91 to run task
[2025-02-06T11:51:05.687+0000] {standard_task_runner.py:104} INFO - Running: ['***', 'tasks', 'run', 'extract_news', 'extract_and_save_task', 'manual__2025-02-06T11:51:03.235977+00:00', '--job-id', '12', '--raw', '--subdir', 'DAGS_FOLDER/extract_dag.py', '--cfg-path', '/tmp/tmpyicacf6z']
[2025-02-06T11:51:05.689+0000] {standard_task_runner.py:105} INFO - Job 12: Subtask extract_and_save_task
[2025-02-06T11:51:05.961+0000] {task_command.py:467} INFO - Running <TaskInstance: extract_news.extract_and_save_task manual__2025-02-06T11:51:03.235977+00:00 [running]> on host aeb3e4fd1105
[2025-02-06T11:51:06.053+0000] {taskinstance.py:3132} INFO - Exporting env vars: AIRFLOW_CTX_DAG_OWNER='***' AIRFLOW_CTX_DAG_ID='extract_news' AIRFLOW_CTX_TASK_ID='extract_and_save_task' AIRFLOW_CTX_EXECUTION_DATE='2025-02-06T11:51:03.235977+00:00' AIRFLOW_CTX_TRY_NUMBER='1' AIRFLOW_CTX_DAG_RUN_ID='manual__2025-02-06T11:51:03.235977+00:00'
[2025-02-06T11:51:06.054+0000] {logging_mixin.py:190} INFO - Task instance is in running state
[2025-02-06T11:51:06.055+0000] {logging_mixin.py:190} INFO -  Previous state of the Task instance: queued
[2025-02-06T11:51:06.056+0000] {logging_mixin.py:190} INFO - Current task name:extract_and_save_task state:running start_date:2025-02-06 11:51:05.659196+00:00
[2025-02-06T11:51:06.056+0000] {logging_mixin.py:190} INFO - Dag name:extract_news and current dag run status:running
[2025-02-06T11:51:06.057+0000] {taskinstance.py:731} INFO - ::endgroup::
[2025-02-06T11:51:08.110+0000] {logging_mixin.py:190} INFO - Data extracted and saved to tech_news_2025-02-06.csv
[2025-02-06T11:51:08.112+0000] {python.py:240} INFO - Done. Returned value was: None
[2025-02-06T11:51:08.121+0000] {taskinstance.py:340} INFO - ::group::Post task execution logs
[2025-02-06T11:51:08.122+0000] {taskinstance.py:352} INFO - Marking task as SUCCESS. dag_id=extract_news, task_id=extract_and_save_task, run_id=manual__2025-02-06T11:51:03.235977+00:00, execution_date=20250206T115103, start_date=20250206T115105, end_date=20250206T115108
[2025-02-06T11:51:08.132+0000] {logging_mixin.py:190} INFO - Task instance in success state
[2025-02-06T11:51:08.133+0000] {logging_mixin.py:190} INFO -  Previous state of the Task instance: running
[2025-02-06T11:51:08.134+0000] {logging_mixin.py:190} INFO - Dag name:extract_news queued_at:2025-02-06 11:51:03.246870+00:00
[2025-02-06T11:51:08.134+0000] {logging_mixin.py:190} INFO - Task hostname:aeb3e4fd1105 operator:PythonOperator
[2025-02-06T11:51:08.164+0000] {local_task_job_runner.py:266} INFO - Task exited with return code 0
[2025-02-06T11:51:08.324+0000] {taskinstance.py:3895} INFO - 0 downstream tasks scheduled from follow-on schedule check
[2025-02-06T11:51:08.327+0000] {local_task_job_runner.py:245} INFO - ::endgroup::
