[2025-02-06T13:10:30.181+0000] {local_task_job_runner.py:123} INFO - ::group::Pre task execution logs
[2025-02-06T13:10:30.196+0000] {taskinstance.py:2613} INFO - Dependencies all met for dep_context=non-requeueable deps ti=<TaskInstance: extract_news.extract_and_save_task manual__2025-02-06T13:10:27.552701+00:00 [queued]>
[2025-02-06T13:10:30.203+0000] {taskinstance.py:2613} INFO - Dependencies all met for dep_context=requeueable deps ti=<TaskInstance: extract_news.extract_and_save_task manual__2025-02-06T13:10:27.552701+00:00 [queued]>
[2025-02-06T13:10:30.204+0000] {taskinstance.py:2866} INFO - Starting attempt 1 of 2
[2025-02-06T13:10:30.218+0000] {taskinstance.py:2889} INFO - Executing <Task(PythonOperator): extract_and_save_task> on 2025-02-06 13:10:27.552701+00:00
[2025-02-06T13:10:30.225+0000] {warnings.py:112} WARNING - /home/***/.local/lib/python3.12/site-packages/***/task/task_runner/standard_task_runner.py:70: DeprecationWarning: This process (pid=77) is multi-threaded, use of fork() may lead to deadlocks in the child.
  pid = os.fork()

[2025-02-06T13:10:30.226+0000] {standard_task_runner.py:72} INFO - Started process 79 to run task
[2025-02-06T13:10:30.226+0000] {standard_task_runner.py:104} INFO - Running: ['***', 'tasks', 'run', 'extract_news', 'extract_and_save_task', 'manual__2025-02-06T13:10:27.552701+00:00', '--job-id', '18', '--raw', '--subdir', 'DAGS_FOLDER/extract_dag.py', '--cfg-path', '/tmp/tmp5xtj6bjj']
[2025-02-06T13:10:30.227+0000] {standard_task_runner.py:105} INFO - Job 18: Subtask extract_and_save_task
[2025-02-06T13:10:30.490+0000] {task_command.py:467} INFO - Running <TaskInstance: extract_news.extract_and_save_task manual__2025-02-06T13:10:27.552701+00:00 [running]> on host 0c08722fc6e9
[2025-02-06T13:10:30.582+0000] {taskinstance.py:3132} INFO - Exporting env vars: AIRFLOW_CTX_DAG_OWNER='***' AIRFLOW_CTX_DAG_ID='extract_news' AIRFLOW_CTX_TASK_ID='extract_and_save_task' AIRFLOW_CTX_EXECUTION_DATE='2025-02-06T13:10:27.552701+00:00' AIRFLOW_CTX_TRY_NUMBER='1' AIRFLOW_CTX_DAG_RUN_ID='manual__2025-02-06T13:10:27.552701+00:00'
[2025-02-06T13:10:30.584+0000] {logging_mixin.py:190} INFO - Task instance is in running state
[2025-02-06T13:10:30.584+0000] {logging_mixin.py:190} INFO -  Previous state of the Task instance: queued
[2025-02-06T13:10:30.585+0000] {logging_mixin.py:190} INFO - Current task name:extract_and_save_task state:running start_date:2025-02-06 13:10:30.197153+00:00
[2025-02-06T13:10:30.585+0000] {logging_mixin.py:190} INFO - Dag name:extract_news and current dag run status:running
[2025-02-06T13:10:30.586+0000] {taskinstance.py:731} INFO - ::endgroup::
[2025-02-06T13:10:32.612+0000] {logging_mixin.py:190} INFO - Data extracted and saved to tech_news_2025-02-06.csv
[2025-02-06T13:10:32.613+0000] {python.py:240} INFO - Done. Returned value was: tech_news_2025-02-06.csv
[2025-02-06T13:10:32.634+0000] {taskinstance.py:340} INFO - ::group::Post task execution logs
[2025-02-06T13:10:32.635+0000] {taskinstance.py:352} INFO - Marking task as SUCCESS. dag_id=extract_news, task_id=extract_and_save_task, run_id=manual__2025-02-06T13:10:27.552701+00:00, execution_date=20250206T131027, start_date=20250206T131030, end_date=20250206T131032
[2025-02-06T13:10:32.645+0000] {logging_mixin.py:190} INFO - Task instance in success state
[2025-02-06T13:10:32.645+0000] {logging_mixin.py:190} INFO -  Previous state of the Task instance: running
[2025-02-06T13:10:32.646+0000] {logging_mixin.py:190} INFO - Dag name:extract_news queued_at:2025-02-06 13:10:27.568244+00:00
[2025-02-06T13:10:32.646+0000] {logging_mixin.py:190} INFO - Task hostname:0c08722fc6e9 operator:PythonOperator
[2025-02-06T13:10:32.698+0000] {local_task_job_runner.py:266} INFO - Task exited with return code 0
[2025-02-06T13:10:32.877+0000] {taskinstance.py:3895} INFO - 1 downstream tasks scheduled from follow-on schedule check
[2025-02-06T13:10:32.884+0000] {local_task_job_runner.py:245} INFO - ::endgroup::
