[2025-02-06T13:10:35.207+0000] {local_task_job_runner.py:123} INFO - ::group::Pre task execution logs
[2025-02-06T13:10:35.223+0000] {taskinstance.py:2613} INFO - Dependencies all met for dep_context=non-requeueable deps ti=<TaskInstance: extract_news.upload_to_s3_task manual__2025-02-06T13:10:27.552701+00:00 [queued]>
[2025-02-06T13:10:35.231+0000] {taskinstance.py:2613} INFO - Dependencies all met for dep_context=requeueable deps ti=<TaskInstance: extract_news.upload_to_s3_task manual__2025-02-06T13:10:27.552701+00:00 [queued]>
[2025-02-06T13:10:35.232+0000] {taskinstance.py:2866} INFO - Starting attempt 1 of 2
[2025-02-06T13:10:35.247+0000] {taskinstance.py:2889} INFO - Executing <Task(PythonOperator): upload_to_s3_task> on 2025-02-06 13:10:27.552701+00:00
[2025-02-06T13:10:35.254+0000] {warnings.py:112} WARNING - /home/***/.local/lib/python3.12/site-packages/***/task/task_runner/standard_task_runner.py:70: DeprecationWarning: This process (pid=81) is multi-threaded, use of fork() may lead to deadlocks in the child.
  pid = os.fork()

[2025-02-06T13:10:35.256+0000] {standard_task_runner.py:72} INFO - Started process 83 to run task
[2025-02-06T13:10:35.256+0000] {standard_task_runner.py:104} INFO - Running: ['***', 'tasks', 'run', 'extract_news', 'upload_to_s3_task', 'manual__2025-02-06T13:10:27.552701+00:00', '--job-id', '19', '--raw', '--subdir', 'DAGS_FOLDER/extract_dag.py', '--cfg-path', '/tmp/tmpg4iod9gk']
[2025-02-06T13:10:35.257+0000] {standard_task_runner.py:105} INFO - Job 19: Subtask upload_to_s3_task
[2025-02-06T13:10:35.483+0000] {task_command.py:467} INFO - Running <TaskInstance: extract_news.upload_to_s3_task manual__2025-02-06T13:10:27.552701+00:00 [running]> on host 0c08722fc6e9
[2025-02-06T13:10:35.573+0000] {taskinstance.py:3132} INFO - Exporting env vars: AIRFLOW_CTX_DAG_OWNER='***' AIRFLOW_CTX_DAG_ID='extract_news' AIRFLOW_CTX_TASK_ID='upload_to_s3_task' AIRFLOW_CTX_EXECUTION_DATE='2025-02-06T13:10:27.552701+00:00' AIRFLOW_CTX_TRY_NUMBER='1' AIRFLOW_CTX_DAG_RUN_ID='manual__2025-02-06T13:10:27.552701+00:00'
[2025-02-06T13:10:35.574+0000] {logging_mixin.py:190} INFO - Task instance is in running state
[2025-02-06T13:10:35.574+0000] {logging_mixin.py:190} INFO -  Previous state of the Task instance: queued
[2025-02-06T13:10:35.575+0000] {logging_mixin.py:190} INFO - Current task name:upload_to_s3_task state:running start_date:2025-02-06 13:10:35.223944+00:00
[2025-02-06T13:10:35.575+0000] {logging_mixin.py:190} INFO - Dag name:extract_news and current dag run status:running
[2025-02-06T13:10:35.575+0000] {taskinstance.py:731} INFO - ::endgroup::
[2025-02-06T13:10:37.571+0000] {logging_mixin.py:190} INFO - Uploaded tech_news_2025-02-06.csv to S3 bucket technewsbuck
[2025-02-06T13:10:37.573+0000] {python.py:240} INFO - Done. Returned value was: None
[2025-02-06T13:10:37.583+0000] {taskinstance.py:340} INFO - ::group::Post task execution logs
[2025-02-06T13:10:37.584+0000] {taskinstance.py:352} INFO - Marking task as SUCCESS. dag_id=extract_news, task_id=upload_to_s3_task, run_id=manual__2025-02-06T13:10:27.552701+00:00, execution_date=20250206T131027, start_date=20250206T131035, end_date=20250206T131037
[2025-02-06T13:10:37.596+0000] {logging_mixin.py:190} INFO - Task instance in success state
[2025-02-06T13:10:37.596+0000] {logging_mixin.py:190} INFO -  Previous state of the Task instance: running
[2025-02-06T13:10:37.597+0000] {logging_mixin.py:190} INFO - Dag name:extract_news queued_at:2025-02-06 13:10:27.568244+00:00
[2025-02-06T13:10:37.597+0000] {logging_mixin.py:190} INFO - Task hostname:0c08722fc6e9 operator:PythonOperator
[2025-02-06T13:10:37.639+0000] {local_task_job_runner.py:266} INFO - Task exited with return code 0
[2025-02-06T13:10:37.852+0000] {taskinstance.py:3895} INFO - 0 downstream tasks scheduled from follow-on schedule check
[2025-02-06T13:10:37.860+0000] {local_task_job_runner.py:245} INFO - ::endgroup::
